2023-09-20T22:38:13+00:00 CRITICAL Maximum execution time of 120 seconds exceeded en C:\xamppp\htdocs\tienda\wp-content\plugins\elementskit-lite\widgets\image-box\image-box.php en la línea 8

2023-09-20T22:38:14+00:00 CRITICAL Maximum execution time of 120 seconds exceeded en C:\xamppp\htdocs\tienda\wp-includes\pomo\entry.php en la línea 100

2023-09-20T22:38:14+00:00 CRITICAL Maximum execution time of 120 seconds exceeded en C:\xamppp\htdocs\tienda\wp-includes\pomo\translations.php en la línea 92

2023-09-20T22:38:14+00:00 CRITICAL Maximum execution time of 120 seconds exceeded en C:\xamppp\htdocs\tienda\wp-includes\class-wpdb.php en la línea 2459

2023-09-20T22:38:15+00:00 CRITICAL Maximum execution time of 120 seconds exceeded en C:\xamppp\htdocs\tienda\wp-includes\blocks\blocks-json.php en la línea 3

2023-09-20T22:38:15+00:00 CRITICAL Maximum execution time of 120 seconds exceeded en C:\xamppp\htdocs\tienda\wp-content\plugins\elementskit-lite\widgets\page-list\page-list.php en la línea 7

2023-09-20T22:38:15+00:00 CRITICAL Maximum execution time of 120 seconds exceeded en C:\xamppp\htdocs\tienda\wp-content\plugins\elementskit-lite\widgets\fluent-forms\fluent-forms.php en la línea 6

2023-09-20T22:38:26+00:00 CRITICAL Maximum execution time of 120 seconds exceeded en C:\xamppp\htdocs\tienda\wp-includes\pomo\mo.php en la línea 328

2023-09-20T22:38:26+00:00 CRITICAL Maximum execution time of 120 seconds exceeded en C:\xamppp\htdocs\tienda\wp-includes\blocks\file\view.min.asset.php en la línea 1

2023-09-20T22:38:30+00:00 CRITICAL Maximum execution time of 120 seconds exceeded en C:\xamppp\htdocs\tienda\wp-includes\plugin.php en la línea 173

2023-09-20T22:38:30+00:00 CRITICAL Maximum execution time of 120 seconds exceeded en C:\xamppp\htdocs\tienda\wp-includes\l10n.php en la línea 1250

2023-09-20T22:38:30+00:00 CRITICAL Maximum execution time of 120 seconds exceeded en C:\xamppp\htdocs\tienda\wp-includes\l10n.php en la línea 1250

2023-09-20T22:38:30+00:00 CRITICAL Maximum execution time of 120 seconds exceeded en C:\xamppp\htdocs\tienda\wp-includes\functions.php en la línea 6691

2023-09-20T22:38:31+00:00 CRITICAL Maximum execution time of 120 seconds exceeded en C:\xamppp\htdocs\tienda\wp-admin\includes\template.php en la línea 12

2023-09-20T22:38:31+00:00 CRITICAL Maximum execution time of 120 seconds exceeded en C:\xamppp\htdocs\tienda\wp-content\plugins\woocommerce\packages\woocommerce-blocks\src\BlockTypes\AbstractBlock.php en la línea 189

2023-09-20T22:38:31+00:00 CRITICAL Maximum execution time of 120 seconds exceeded en C:\xamppp\htdocs\tienda\wp-content\plugins\woocommerce\packages\woocommerce-blocks\patterns\hero-product-chessboard.php en la línea 8

2023-09-20T22:38:31+00:00 CRITICAL Maximum execution time of 120 seconds exceeded en C:\xamppp\htdocs\tienda\wp-includes\class-wpdb.php en la línea 2459

2023-09-20T22:38:33+00:00 CRITICAL Maximum execution time of 120 seconds exceeded en C:\xamppp\htdocs\tienda\wp-includes\class-wpdb.php en la línea 2459

2023-09-20T22:38:33+00:00 CRITICAL Maximum execution time of 120 seconds exceeded en C:\xamppp\htdocs\tienda\wp-includes\functions.php en la línea 1492

2023-09-20T22:38:35+00:00 CRITICAL Maximum execution time of 120 seconds exceeded en C:\xamppp\htdocs\tienda\wp-includes\class-wpdb.php en la línea 2459

2023-09-20T22:38:36+00:00 CRITICAL Maximum execution time of 120 seconds exceeded en C:\xamppp\htdocs\tienda\wp-admin\includes\ajax-actions.php en la línea 5590

2023-09-20T22:38:45+00:00 CRITICAL Maximum execution time of 120 seconds exceeded en C:\xamppp\htdocs\tienda\wp-includes\class-wp-hook.php en la línea 307

2023-09-20T22:38:47+00:00 CRITICAL Maximum execution time of 120 seconds exceeded en C:\xamppp\htdocs\tienda\wp-admin\includes\template.php en la línea 12

2023-09-20T22:39:03+00:00 CRITICAL Maximum execution time of 120 seconds exceeded en C:\xamppp\htdocs\tienda\wp-content\plugins\elementor\core\common\modules\ajax\module.php en la línea 280

2023-09-20T22:39:13+00:00 CRITICAL Maximum execution time of 120 seconds exceeded en C:\xamppp\htdocs\tienda\wp-content\plugins\elementskit-lite\widgets\pricing\pricing.php en la línea 7

2023-09-20T22:39:13+00:00 CRITICAL Maximum execution time of 120 seconds exceeded en C:\xamppp\htdocs\tienda\wp-content\plugins\elementskit-lite\widgets\tab\tab.php en la línea 7

2023-09-20T22:39:13+00:00 CRITICAL Maximum execution time of 120 seconds exceeded en C:\xamppp\htdocs\tienda\wp-includes\pomo\mo.php en la línea 328

2023-09-20T22:39:13+00:00 CRITICAL Maximum execution time of 120 seconds exceeded en C:\xamppp\htdocs\tienda\wp-includes\class-wpdb.php en la línea 2459

2023-09-20T22:39:14+00:00 CRITICAL Maximum execution time of 120 seconds exceeded en C:\xamppp\htdocs\tienda\wp-content\plugins\elementskit-lite\widgets\tab\tab.php en la línea 7

2023-09-20T22:39:23+00:00 CRITICAL Maximum execution time of 120 seconds exceeded en C:\xamppp\htdocs\tienda\wp-content\plugins\elementor\modules\system-info\module.php en la línea 11

2023-09-20T22:39:23+00:00 CRITICAL Maximum execution time of 120 seconds exceeded en C:\xamppp\htdocs\tienda\wp-includes\load.php en la línea 1560

2023-09-20T22:39:24+00:00 CRITICAL Maximum execution time of 120 seconds exceeded en C:\xamppp\htdocs\tienda\wp-content\plugins\elementor\includes\autoloader.php en la línea 293

\AbstractBlock.php en la línea 455

2023-09-20T22:39:24+00:00 CRITICAL Maximum execution time of 120 seconds exceeded en C:\xamppp\htdocs\tienda\wp-includes\admin-bar.php en la línea 1289

2023-09-20T22:39:24+00:00 CRITICAL Maximum execution time of 120 seconds exceeded en C:\xamppp\htdocs\tienda\wp-content\plugins\elementor\core\common\modules\ajax\module.php en la línea 9

2023-09-20T22:39:24+00:00 CRITICAL Maximum execution time of 120 seconds exceeded en C:\xamppp\htdocs\tienda\wp-content\plugins\elementor\includes\autoloader.php en la línea 293

2023-09-20T22:39:23+00:00 CRITICAL Maximum execution time of 120 seconds exceeded en C:\xamppp\htdocs\tienda\wp-content\plugins\elementor\includes\autoloader.php en la línea 293

2023-09-20T22:39:24+00:00 CRITICAL Maximum execution time of 120 seconds exceeded en C:\xamppp\htdocs\tienda\wp-content\plugins\elementor\includes\autoloader.php en la línea 293

2023-09-20T22:48:27+00:00 CRITICAL Maximum execution time of 120 seconds exceeded en C:\xamppp\htdocs\tienda\wp-includes\functions.php en la línea 4554

2023-09-20T22:48:29+00:00 CRITICAL Maximum execution time of 120 seconds exceeded en C:\xamppp\htdocs\tienda\wp-includes\blocks\blocks-json.php en la línea 3

2023-09-20T22:48:30+00:00 CRITICAL Maximum execution time of 120 seconds exceeded en C:\xamppp\htdocs\tienda\wp-content\plugins\woocommerce\src\Internal\Admin\WcPayWelcomePage.php en la línea 45

2023-09-20T22:48:30+00:00 CRITICAL Maximum execution time of 120 seconds exceeded en C:\xamppp\htdocs\tienda\wp-includes\functions.php en la línea 4570

2023-09-20T22:48:30+00:00 CRITICAL Maximum execution time of 120 seconds exceeded en C:\xamppp\htdocs\tienda\wp-includes\blocks.php en la línea 384

2023-09-20T22:48:33+00:00 CRITICAL Maximum execution time of 120 seconds exceeded en C:\xamppp\htdocs\tienda\wp-includes\class-wp-hook.php en la línea 309

2023-09-20T22:48:33+00:00 CRITICAL Maximum execution time of 120 seconds exceeded en C:\xamppp\htdocs\tienda\wp-includes\functions.php en la línea 650

2023-09-20T22:48:34+00:00 CRITICAL Maximum execution time of 120 seconds exceeded in C:\xamppp\htdocs\tienda\wp-includes\pomo\mo.php on line 285

2023-09-20T22:48:35+00:00 CRITICAL Maximum execution time of 120 seconds exceeded en C:\xamppp\htdocs\tienda\wp-content\plugins\elementor\core\files\manager.php en la línea 12

2023-09-20T22:48:35+00:00 CRITICAL Maximum execution time of 120 seconds exceeded en C:\xamppp\htdocs\tienda\wp-content\plugins\elementor\includes\frontend.php en la línea 14

2023-09-20T22:48:35+00:00 CRITICAL Maximum execution time of 120 seconds exceeded en C:\xamppp\htdocs\tienda\wp-content\plugins\elementor\core\files\file-types\svg.php en la línea 7

2023-09-20T22:48:35+00:00 CRITICAL Maximum execution time of 120 seconds exceeded en C:\xamppp\htdocs\tienda\wp-content\plugins\elementor\includes\elements\repeater.php en la línea 4

2023-09-20T22:48:36+00:00 CRITICAL Maximum execution time of 120 seconds exceeded en C:\xamppp\htdocs\tienda\wp-content\plugins\elementor\includes\autoloader.php en la línea 293

2023-09-20T22:48:36+00:00 CRITICAL Maximum execution time of 120 seconds exceeded en C:\xamppp\htdocs\tienda\wp-includes\pomo\entry.php en la línea 52

2023-09-20T22:48:37+00:00 CRITICAL Maximum execution time of 120 seconds exceeded en C:\xamppp\htdocs\tienda\wp-includes\functions.php en la línea 650

2023-09-20T22:48:37+00:00 CRITICAL Maximum execution time of 120 seconds exceeded en C:\xamppp\htdocs\tienda\wp-content\plugins\elementor\includes\settings\tools.php en la línea 9

2023-09-20T22:48:39+00:00 CRITICAL Maximum execution time of 120 seconds exceeded en C:\xamppp\htdocs\tienda\wp-includes\functions.php en la línea 1764

2023-09-20T22:48:42+00:00 CRITICAL Maximum execution time of 120 seconds exceeded en C:\xamppp\htdocs\tienda\wp-includes\blocks.php en la línea 384

2023-09-20T22:48:44+00:00 CRITICAL Maximum execution time of 120 seconds exceeded en C:\xamppp\htdocs\tienda\wp-includes\post.php en la línea 1475

2023-09-20T22:49:00+00:00 CRITICAL Maximum execution time of 120 seconds exceeded en C:\xamppp\htdocs\tienda\wp-includes\functions.php en la línea 4570

2023-09-20T22:49:00+00:00 CRITICAL Maximum execution time of 120 seconds exceeded en C:\xamppp\htdocs\tienda\wp-includes\class-wp-hook.php en la línea 85

2023-09-20T22:49:00+00:00 CRITICAL Maximum execution time of 120 seconds exceeded en C:\xamppp\htdocs\tienda\wp-content\plugins\elementor\includes\controls\groups\box-shadow.php en la línea 4

2023-09-20T22:49:00+00:00 CRITICAL Maximum execution time of 120 seconds exceeded en C:\xamppp\htdocs\tienda\wp-includes\functions.php en la línea 4556

2023-09-20T22:49:01+00:00 CRITICAL Maximum execution time of 120 seconds exceeded en C:\xamppp\htdocs\tienda\wp-includes\class-wpdb.php en la línea 2459

2023-09-20T22:49:01+00:00 CRITICAL Maximum execution time of 120 seconds exceeded en C:\xamppp\htdocs\tienda\wp-includes\functions.php en la línea 4831

2023-09-20T22:49:07+00:00 CRITICAL Maximum execution time of 120 seconds exceeded en C:\xamppp\htdocs\tienda\wp-includes\functions.php en la línea 4570

2023-09-20T22:49:07+00:00 CRITICAL Maximum execution time of 120 seconds exceeded en C:\xamppp\htdocs\tienda\wp-content\plugins\woocommerce\includes\admin\class-wc-admin-meta-boxes.php en la línea 313

2023-09-20T22:49:08+00:00 CRITICAL Maximum execution time of 120 seconds exceeded en C:\xamppp\htdocs\tienda\wp-includes\blocks.php en la línea 113

2023-09-20T22:49:09+00:00 CRITICAL Maximum execution time of 120 seconds exceeded in C:\xamppp\htdocs\tienda\wp-content\plugins\woocommerce\includes\class-woocommerce.php on line 724

2023-09-20T22:49:10+00:00 CRITICAL Maximum execution time of 120 seconds exceeded en C:\xamppp\htdocs\tienda\wp-includes\version.php en la línea 19

2023-09-20T22:49:11+00:00 CRITICAL Maximum execution time of 120 seconds exceeded en C:\xamppp\htdocs\tienda\wp-includes\pomo\entry.php en la línea 52

2023-09-20T22:49:21+00:00 CRITICAL Maximum execution time of 120 seconds exceeded en C:\xamppp\htdocs\tienda\wp-content\plugins\woocommerce\packages\woocommerce-blocks\src\Payments\PaymentMethodTypeInterface.php en la línea 6

2023-09-20T22:49:21+00:00 CRITICAL Maximum execution time of 120 seconds exceeded en C:\xamppp\htdocs\tienda\wp-includes\class-wp-block-type.php en la línea 359

2023-09-20T22:49:22+00:00 CRITICAL Maximum execution time of 120 seconds exceeded en C:\xamppp\htdocs\tienda\wp-includes\class-wp-rewrite.php en la línea 1664

2023-09-20T22:49:22+00:00 CRITICAL Maximum execution time of 120 seconds exceeded en C:\xamppp\htdocs\tienda\wp-includes\functions.php en la línea 4570

2023-09-20T22:49:24+00:00 CRITICAL Maximum execution time of 120 seconds exceeded en C:\xamppp\htdocs\tienda\wp-content\plugins\elementskit-lite\widgets\countdown-timer\countdown-timer.php en la línea 7

2023-09-20T22:49:25+00:00 CRITICAL Maximum execution time of 120 seconds exceeded en C:\xamppp\htdocs\tienda\wp-includes\l10n.php en la línea 783

2023-09-20T22:49:26+00:00 CRITICAL Maximum execution time of 120 seconds exceeded en C:\xamppp\htdocs\tienda\wp-content\plugins\elementskit-lite\widgets\wp-forms\wp-forms.php en la línea 7

2023-09-20T22:49:32+00:00 CRITICAL Maximum execution time of 120 seconds exceeded en C:\xamppp\htdocs\tienda\wp-includes\pluggable.php en la línea 916

2023-09-20T22:49:36+00:00 CRITICAL Maximum execution time of 120 seconds exceeded en C:\xamppp\htdocs\tienda\wp-content\plugins\ajax-search-for-woocommerce\partials\admin\indexer-header-demo.php en la línea 4

2023-09-20T22:49:38+00:00 CRITICAL Maximum execution time of 120 seconds exceeded en C:\xamppp\htdocs\tienda\wp-includes\class-wp-meta-query.php en la línea 281

2023-09-20T22:49:38+00:00 CRITICAL Maximum execution time of 120 seconds exceeded en C:\xamppp\htdocs\tienda\wp-includes\functions.php en la línea 4570

2023-09-20T22:49:38+00:00 CRITICAL Maximum execution time of 120 seconds exceeded en C:\xamppp\htdocs\tienda\wp-includes\class-wpdb.php en la línea 2459

2023-09-20T22:49:38+00:00 CRITICAL Maximum execution time of 120 seconds exceeded en C:\xamppp\htdocs\tienda\wp-includes\class-wpdb.php en la línea 2459

2023-09-20T22:49:40+00:00 CRITICAL Maximum execution time of 120 seconds exceeded en C:\xamppp\htdocs\tienda\wp-includes\class-wpdb.php en la línea 2459

2023-09-20T23:02:35+00:00 CRITICAL Maximum execution time of 120 seconds exceeded en C:\xamppp\htdocs\tienda\wp-content\plugins\elementor\modules\usage\module.php en la línea 12

